<?xml version="1.0" encoding="UTF-8"?>
<!-- Generated by org.testng.reporters.JUnitReportReporter -->
<testsuite hostname="DESKTOP-35G3Q1F" failures="0" tests="1" name="org.testing.testScripts.TestCase7_PutMethod" time="0.156" errors="0" timestamp="29 Oct 2024 11:32:15 GMT">
  <testcase classname="org.testing.testScripts.TestCase7_PutMethod" name="tc7" time="0.156"/>
</testsuite> <!-- org.testing.testScripts.TestCase7_PutMethod -->
