<?xml version="1.0" encoding="UTF-8"?>
<!-- Generated by org.testng.reporters.JUnitReportReporter -->
<testsuite hostname="DESKTOP-35G3Q1F" failures="0" tests="1" name="org.testing.testScripts.TestCase4_GetParticularMethod" time="0.472" errors="0" timestamp="29 Oct 2024 11:32:15 GMT">
  <testcase classname="org.testing.testScripts.TestCase4_GetParticularMethod" name="testcase4" time="0.472"/>
</testsuite> <!-- org.testing.testScripts.TestCase4_GetParticularMethod -->
