<?xml version="1.0" encoding="UTF-8"?>
<!-- Generated by org.testng.reporters.JUnitReportReporter -->
<testsuite hostname="DESKTOP-35G3Q1F" failures="0" tests="1" name="org.testing.testScripts.TC3_LoClickSubscription" time="35.752" errors="0" timestamp="29 Oct 2024 11:37:13 GMT">
  <testcase classname="org.testing.testScripts.TC3_LoClickSubscription" name="tc3" time="35.752"/>
</testsuite> <!-- org.testing.testScripts.TC3_LoClickSubscription -->
