<?xml version="1.0" encoding="UTF-8"?>
<!-- Generated by org.testng.reporters.JUnitReportReporter -->
<testsuite hostname="DESKTOP-35G3Q1F" failures="0" tests="1" name="org.testing.testScripts.TestCase1_PostMethod" time="4.764" errors="0" timestamp="29 Oct 2024 11:32:15 GMT">
  <testcase classname="org.testing.testScripts.TestCase1_PostMethod" name="testcase1" time="4.764"/>
</testsuite> <!-- org.testing.testScripts.TestCase1_PostMethod -->
