<?xml version="1.0" encoding="UTF-8"?>
<!-- Generated by org.testng.reporters.JUnitReportReporter -->
<testsuite hostname="DESKTOP-35G3Q1F" failures="0" tests="1" name="org.testing.testScripts.TestCase8_GetAllMethod" time="0.208" errors="0" timestamp="29 Oct 2024 11:32:15 GMT">
  <testcase classname="org.testing.testScripts.TestCase8_GetAllMethod" name="tc8" time="0.208"/>
</testsuite> <!-- org.testing.testScripts.TestCase8_GetAllMethod -->
