<?xml version="1.0" encoding="UTF-8"?>
<!-- Generated by org.testng.reporters.JUnitReportReporter -->
<testsuite hostname="DESKTOP-35G3Q1F" failures="0" tests="1" name="org.testing.testScripts.TC2_LoginHistory" time="43.922" errors="0" timestamp="29 Oct 2024 11:36:17 GMT">
  <testcase classname="org.testing.testScripts.TC2_LoginHistory" name="tc2" time="43.922"/>
</testsuite> <!-- org.testing.testScripts.TC2_LoginHistory -->
