<?xml version="1.0" encoding="UTF-8"?>
<!-- Generated by org.testng.reporters.JUnitReportReporter -->
<testsuite hostname="DESKTOP-35G3Q1F" failures="0" tests="1" name="org.testing.testScripts.TestCase3_GetAllMethod" time="0.572" errors="0" timestamp="29 Oct 2024 11:32:15 GMT">
  <testcase classname="org.testing.testScripts.TestCase3_GetAllMethod" name="testcase3" time="0.572"/>
</testsuite> <!-- org.testing.testScripts.TestCase3_GetAllMethod -->
