<?xml version="1.0" encoding="UTF-8"?>
<!-- Generated by org.testng.reporters.JUnitReportReporter -->
<testsuite hostname="DESKTOP-35G3Q1F" failures="0" tests="1" name="org.testing.testScripts.TC4_LoVideoPlay" time="44.895" errors="0" timestamp="29 Oct 2024 11:32:15 GMT">
  <testcase classname="org.testing.testScripts.TC4_LoVideoPlay" name="tc4" time="44.895"/>
</testsuite> <!-- org.testing.testScripts.TC4_LoVideoPlay -->
