<?xml version="1.0" encoding="UTF-8"?>
<!-- Generated by org.testng.reporters.JUnitReportReporter -->
<testsuite hostname="DESKTOP-35G3Q1F" failures="0" tests="1" name="org.testing.testScripts.TC6_CommentOnVideo" time="43.592" errors="0" timestamp="29 Oct 2024 11:32:15 GMT">
  <testcase classname="org.testing.testScripts.TC6_CommentOnVideo" name="tc6" time="43.592"/>
</testsuite> <!-- org.testing.testScripts.TC6_CommentOnVideo -->
